2024-11-05 03:35:21,379 - INFO - Connecting to Plex server...
2024-11-05 03:35:21,395 - INFO - Connected to Plex server successfully.
2024-11-05 03:35:21,411 - INFO - Processing library: Movies with 2 collections to pin.
2024-11-05 03:35:21,412 - INFO - Unpinning currently pinned collections...
2024-11-05 03:35:21,636 - INFO - Collection 'Valentine's Day Movies' unpinned successfully.
2024-11-05 03:35:21,637 - INFO - Skipping unpinning for collection: Top Films This Week (in exclusion list)
2024-11-05 03:35:21,703 - INFO - Collection 'New Releases' unpinned successfully.
2024-11-05 03:35:21,703 - INFO - Skipping unpinning for collection: Trending (in exclusion list)
2024-11-05 03:35:21,773 - INFO - Collection 'Oscar Winners' unpinned successfully.
2024-11-05 03:35:21,836 - INFO - Collection 'IMDb Top 250' unpinned successfully.
2024-11-05 03:35:21,902 - INFO - Collection 'Movies People are Watching' unpinned successfully.
2024-11-05 03:35:21,968 - INFO - Collection 'Oscars Nominated 2022' unpinned successfully.
2024-11-05 03:35:22,026 - INFO - Collection 'Rotten Tomatoes - Verified Hot' unpinned successfully.
2024-11-05 03:35:22,027 - INFO - Skipping unpinning for collection: Oscars Winners 2023 (in exclusion list)
2024-11-05 03:35:22,096 - INFO - Collection 'Golden Globes 2022' unpinned successfully.
2024-11-05 03:35:22,154 - INFO - Collection 'Easter Movies' unpinned successfully.
2024-11-05 03:35:22,220 - INFO - Collection 'New Year's Eve Movies' unpinned successfully.
2024-11-05 03:35:22,301 - INFO - Collection 'MARVEL Cinematic Universe Chronological Order' unpinned successfully.
2024-11-05 03:35:22,337 - INFO - Collection 'DC Universe (DCU)' unpinned successfully.
2024-11-05 03:35:22,400 - INFO - Collection 'The Infinity Saga' unpinned successfully.
2024-11-05 03:35:22,438 - INFO - Collection 'Quentin Tarantino Collection' unpinned successfully.
2024-11-05 03:35:22,439 - INFO - Skipping unpinning for collection: Star Wars Saga (in exclusion list)
2024-11-05 03:35:22,439 - INFO - Skipping unpinning for collection: The Fast & The Furious Collection (in exclusion list)
2024-11-05 03:35:22,439 - INFO - Skipping unpinning for collection: Friday the 13th Collection (in exclusion list)
2024-11-05 03:35:22,439 - INFO - Skipping unpinning for collection: Rocky Collection (in exclusion list)
2024-11-05 03:35:22,439 - INFO - Skipping unpinning for collection: Halloween Collection (in exclusion list)
2024-11-05 03:35:22,439 - INFO - Skipping unpinning for collection: Scream Collection (in exclusion list)
2024-11-05 03:35:22,439 - INFO - Skipping unpinning for collection: Rambo Collection (in exclusion list)
2024-11-05 03:35:22,439 - INFO - Skipping unpinning for collection: Saw Collection (in exclusion list)
2024-11-05 03:35:22,439 - INFO - Skipping unpinning for collection: Jurassic Park Collection (in exclusion list)
2024-11-05 03:35:22,439 - INFO - Skipping unpinning for collection: Pirates Of The Caribbean Collection (in exclusion list)
2024-11-05 03:35:22,439 - INFO - Skipping unpinning for collection: Wizarding World (in exclusion list)
2024-11-05 03:35:22,440 - INFO - Skipping unpinning for collection: Scary Movie Collection (in exclusion list)
2024-11-05 03:35:22,440 - INFO - Skipping unpinning for collection: Wrong Turn Collection (in exclusion list)
2024-11-05 03:35:22,440 - INFO - Skipping unpinning for collection: Mission: Impossible Collection (in exclusion list)
2024-11-05 03:35:22,440 - INFO - Skipping unpinning for collection: Indiana Jones Collection (in exclusion list)
2024-11-05 03:35:22,481 - INFO - Collection '007 Collection' unpinned successfully.
2024-11-05 03:35:22,521 - INFO - Collection 'Carry On Collection' unpinned successfully.
2024-11-05 03:35:22,521 - INFO - Skipping unpinning for collection: The Conjuring Universe (in exclusion list)
2024-11-05 03:35:22,521 - INFO - Skipping unpinning for collection: The Lord of The Rings Collection (in exclusion list)
2024-11-05 03:35:22,553 - INFO - Collection 'Oscar Nominated 2024' unpinned successfully.
2024-11-05 03:35:22,553 - INFO - Skipping unpinning for collection: Texas Chainsaw Massacre Collection (in exclusion list)
2024-11-05 03:35:22,610 - INFO - Collection 'The British Independent Film Award (BIFA) for Best British Independent Film' unpinned successfully.
2024-11-05 03:35:22,647 - INFO - Collection 'Time Travel Movies' unpinned successfully.
2024-11-05 03:35:22,688 - INFO - Collection 'Nostalgia Collection (Classics From The 80s & 90s)' unpinned successfully.
2024-11-05 03:35:22,729 - INFO - Collection 'Based On A True Story' unpinned successfully.
2024-11-05 03:35:22,762 - INFO - Collection 'Everyone Needs A Hero' unpinned successfully.
2024-11-05 03:35:22,762 - INFO - Skipping unpinning for collection: Worst Rated Movies (in exclusion list)
2024-11-05 03:35:22,816 - INFO - Collection 'Horror Movies' unpinned successfully.
2024-11-05 03:35:22,850 - INFO - Collection 'Westerns' unpinned successfully.
2024-11-05 03:35:22,886 - INFO - Collection 'Disaster Movies' unpinned successfully.
2024-11-05 03:35:22,928 - INFO - Collection 'Top Christmas Movies Of All Time' unpinned successfully.
2024-11-05 03:35:22,963 - INFO - Collection 'Based On War' unpinned successfully.
2024-11-05 03:35:23,016 - INFO - Collection 'Best Sports Movies of All Time' unpinned successfully.
2024-11-05 03:35:23,047 - INFO - Collection 'Space Masterpiece Collection' unpinned successfully.
2024-11-05 03:35:23,074 - INFO - Collection 'Stand Up Comedy' unpinned successfully.
2024-11-05 03:35:23,126 - INFO - Collection 'Movies To Laugh At' unpinned successfully.
2024-11-05 03:35:23,153 - INFO - Collection 'Martial Arts' unpinned successfully.
2024-11-05 03:35:23,205 - INFO - Collection 'Chick Flicks' unpinned successfully.
2024-11-05 03:35:23,236 - INFO - Collection 'Tis The Season To Be Jolly' unpinned successfully.
2024-11-05 03:35:23,267 - INFO - Collection 'Gangster' unpinned successfully.
2024-11-05 03:35:23,323 - INFO - Collection 'LGBTQ+ Pride Month Movies' unpinned successfully.
2024-11-05 03:35:23,349 - INFO - Collection 'Memorial Day' unpinned successfully.
2024-11-05 03:35:23,349 - INFO - Skipping unpinning for collection: Movies Available in 4K/UHD (in exclusion list)
2024-11-05 03:35:23,394 - INFO - Collection 'Musicals' unpinned successfully.
2024-11-05 03:35:23,428 - INFO - Collection 'Thanksgiving Movies' unpinned successfully.
2024-11-05 03:35:23,429 - INFO - Collection '['Halloween Movies', 'Horror Movies', 'Halloween Collection']' is NOT active (standard case).
2024-11-05 03:35:23,429 - INFO - Collection '['LGBTQ+ Pride Month Movies']' is NOT active (standard case).
2024-11-05 03:35:23,429 - INFO - Collection '['Easter Movies']' is NOT active (standard case).
2024-11-05 03:35:23,429 - INFO - Collection '["New Year's Eve Movies"]' is NOT active (cross-year case).
2024-11-05 03:35:23,429 - INFO - Collection '["Valentine's Day", 'Chick Flicks', 'Rotten Tomatoes Best Rom Com']' is NOT active (standard case).
2024-11-05 03:35:23,430 - INFO - Collection '['Memorial Day']' is active for pinning.
2024-11-05 03:35:23,430 - INFO - Collection '['Thanksgiving Movies']' is NOT active (standard case).
2024-11-05 03:35:23,430 - INFO - Collection '['Tis The Season To Be Jolly', 'Top Christmas Movies Of All Time']' is NOT active (standard case).
2024-11-05 03:35:23,430 - INFO - Final active special collections: ['Memorial Day']
2024-11-05 03:35:23,491 - INFO - Added 'MARVEL Cinematic Universe Chronological Order' from category 'SuperHero Movies' to pinning list
2024-11-05 03:35:23,492 - INFO - Attempting to pin collection: Memorial Day
2024-11-05 03:35:23,520 - INFO - INFO - Collection '**Memorial Day**' pinned successfully.
2024-11-05 03:35:23,790 - INFO - Message sent to Discord: INFO - Collection '**Memorial Day**' pinned successfully.
2024-11-05 03:35:23,792 - INFO - Attempting to pin collection: MARVEL Cinematic Universe Chronological Order
2024-11-05 03:35:23,833 - INFO - INFO - Collection '**MARVEL Cinematic Universe Chronological Order**' pinned successfully.
2024-11-05 03:35:24,158 - INFO - Message sent to Discord: INFO - Collection '**MARVEL Cinematic Universe Chronological Order**' pinned successfully.
2024-11-05 03:35:24,159 - INFO - Processing library: TV Shows with 1 collections to pin.
2024-11-05 03:35:24,159 - INFO - Unpinning currently pinned collections...
2024-11-05 03:35:24,214 - INFO - Collection 'Popular on SubZero' unpinned successfully.
2024-11-05 03:35:24,214 - INFO - Skipping unpinning for collection: Network Collections (in exclusion list)
2024-11-05 03:35:24,214 - INFO - Skipping unpinning for collection: Apple TV+ Shows (in exclusion list)
2024-11-05 03:35:24,252 - INFO - Collection 'BBC Shows' unpinned successfully.
2024-11-05 03:35:24,274 - INFO - Collection 'BritBox' unpinned successfully.
2024-11-05 03:35:24,308 - INFO - Collection 'Channel 4 Shows' unpinned successfully.
2024-11-05 03:35:24,333 - INFO - Collection 'Channel 5 Shows' unpinned successfully.
2024-11-05 03:35:24,334 - INFO - Skipping unpinning for collection: DC Universe (in exclusion list)
2024-11-05 03:35:24,368 - INFO - Collection 'Hulu Shows' unpinned successfully.
2024-11-05 03:35:24,394 - INFO - Collection 'ITVX Shows' unpinned successfully.
2024-11-05 03:35:24,417 - INFO - Collection 'Max TV Shows' unpinned successfully.
2024-11-05 03:35:24,442 - INFO - Collection 'MTV' unpinned successfully.
2024-11-05 03:35:24,466 - INFO - Collection 'Netflix Shows' unpinned successfully.
2024-11-05 03:35:24,466 - INFO - Skipping unpinning for collection: Paramount+ Shows (in exclusion list)
2024-11-05 03:35:24,489 - INFO - Collection 'Prime Video' unpinned successfully.
2024-11-05 03:35:24,520 - INFO - Collection 'Sky TV Shows' unpinned successfully.
2024-11-05 03:35:24,520 - INFO - Skipping unpinning for collection: Latest Streaming Networks Shows (in exclusion list)
2024-11-05 03:35:24,544 - INFO - Collection 'Recommended Shows' unpinned successfully.
2024-11-05 03:35:24,568 - INFO - Collection 'Top Rated TV' unpinned successfully.
2024-11-05 03:35:24,593 - INFO - Collection '🇦🇺 Austrailain TV Shows' unpinned successfully.
2024-11-05 03:35:24,593 - INFO - Skipping unpinning for collection: Popular on Plexified (in exclusion list)
2024-11-05 03:35:24,616 - INFO - Collection 'Best UK TV Shows' unpinned successfully.
2024-11-05 03:35:24,641 - INFO - Collection 'Best US TV Shows' unpinned successfully.
2024-11-05 03:35:24,665 - INFO - Collection 'Cancelled Or Ended Shows' unpinned successfully.
2024-11-05 03:35:24,689 - INFO - Collection 'Contemporary Shows from Black Creators' unpinned successfully.
2024-11-05 03:35:24,689 - INFO - Skipping unpinning for collection: Highest Rated Streaming Titles (in exclusion list)
2024-11-05 03:35:24,714 - INFO - Collection 'IMDB: Top Rated TV Shows' unpinned successfully.
2024-11-05 03:35:24,737 - INFO - Collection 'LGBTQ+ Pride Month' unpinned successfully.
2024-11-05 03:35:24,762 - INFO - Collection 'Marvel Universe TV' unpinned successfully.
2024-11-05 03:35:24,786 - INFO - Collection 'Metacritic Must-See Shows' unpinned successfully.
2024-11-05 03:35:24,834 - INFO - Collection 'Popular TV' unpinned successfully.
2024-11-05 03:35:24,874 - INFO - Collection 'Rolling Stone's 100 Greatest TV Shows of All Time' unpinned successfully.
2024-11-05 03:35:24,875 - INFO - Skipping unpinning for collection: Soaps (in exclusion list)
2024-11-05 03:35:24,875 - INFO - Skipping unpinning for collection: Star Wars Series (in exclusion list)
2024-11-05 03:35:24,875 - INFO - Skipping unpinning for collection: Top 20 TV Shows This Week (in exclusion list)
2024-11-05 03:35:24,875 - INFO - Skipping unpinning for collection: Trending (in exclusion list)
2024-11-05 03:35:24,876 - INFO - Skipping unpinning for collection: TV Shows Available in 4K/UHD (in exclusion list)
2024-11-05 03:35:24,935 - INFO - Collection 'TV Shows Based on Books' unpinned successfully.
2024-11-05 03:35:24,936 - INFO - Skipping unpinning for collection: The Walking Dead Universe (in exclusion list)
2024-11-05 03:35:24,937 - INFO - Collection '['Halloween Movies', 'Horror Movies', 'Halloween Collection']' is NOT active (standard case).
2024-11-05 03:35:24,937 - INFO - Collection '['LGBTQ+ Pride Month Movies']' is NOT active (standard case).
2024-11-05 03:35:24,938 - INFO - Collection '['Easter Movies']' is NOT active (standard case).
2024-11-05 03:35:24,938 - INFO - Collection '["New Year's Eve Movies"]' is NOT active (cross-year case).
2024-11-05 03:35:24,938 - INFO - Collection '["Valentine's Day", 'Chick Flicks', 'Rotten Tomatoes Best Rom Com']' is NOT active (standard case).
2024-11-05 03:35:24,939 - INFO - Collection '['Memorial Day']' is active for pinning.
2024-11-05 03:35:24,939 - INFO - Collection '['Thanksgiving Movies']' is NOT active (standard case).
2024-11-05 03:35:24,939 - INFO - Collection '['Tis The Season To Be Jolly', 'Top Christmas Movies Of All Time']' is NOT active (standard case).
2024-11-05 03:35:24,940 - INFO - Final active special collections: ['Memorial Day']
2024-11-05 03:35:25,026 - INFO - Added random collection 'Disney+ Shows' to pinning list
2024-11-05 03:35:25,026 - INFO - Attempting to pin collection: Disney+ Shows
2024-11-05 03:35:25,063 - INFO - INFO - Collection '**Disney+ Shows**' pinned successfully.
2024-11-05 03:35:25,268 - INFO - Message sent to Discord: INFO - Collection '**Disney+ Shows**' pinned successfully.
2024-11-05 03:35:25,269 - INFO - Processing library: TV Shows - Reality with 1 collections to pin.
2024-11-05 03:35:25,269 - INFO - Unpinning currently pinned collections...
2024-11-05 03:35:25,398 - INFO - Collection 'Amazon Original Reality Shows' unpinned successfully.
2024-11-05 03:35:25,455 - INFO - Collection 'Netflix Original Reality Shows' unpinned successfully.
2024-11-05 03:35:25,521 - INFO - Collection 'Now TV Original Reality Shows' unpinned successfully.
2024-11-05 03:35:25,581 - INFO - Collection 'Animal Planet' unpinned successfully.
2024-11-05 03:35:25,645 - INFO - Collection 'Channel 4 Reality Shows' unpinned successfully.
2024-11-05 03:35:25,709 - INFO - Collection 'Crime on Oxygen' unpinned successfully.
2024-11-05 03:35:25,770 - INFO - Collection 'Hulu Reality Shows' unpinned successfully.
2024-11-05 03:35:25,817 - INFO - Collection 'Investigation Discovery' unpinned successfully.
2024-11-05 03:35:25,849 - INFO - Collection 'Lifetime' unpinned successfully.
2024-11-05 03:35:25,894 - INFO - Collection 'MTV Reality' unpinned successfully.
2024-11-05 03:35:25,919 - INFO - Collection 'Reality on Discovery' unpinned successfully.
2024-11-05 03:35:25,964 - INFO - Collection 'Reality on Sky' unpinned successfully.
2024-11-05 03:35:25,997 - INFO - Collection 'Reality Shows on Apple TV+' unpinned successfully.
2024-11-05 03:35:26,023 - INFO - Collection 'Reality Shows on Channel 5' unpinned successfully.
2024-11-05 03:35:26,063 - INFO - Collection 'Reality Shows on ITVX' unpinned successfully.
2024-11-05 03:35:26,088 - INFO - Collection 'Reality Shows on Netflix' unpinned successfully.
2024-11-05 03:35:26,117 - INFO - Collection 'Reality Shows on Paramount+' unpinned successfully.
2024-11-05 03:35:26,117 - INFO - Skipping unpinning for collection: Latest Streaming Networks Shows (in exclusion list)
2024-11-05 03:35:26,148 - INFO - Collection '🇦🇺 Austrailain TV Shows' unpinned successfully.
2024-11-05 03:35:26,148 - INFO - Skipping unpinning for collection: More Popular On Plexified (in exclusion list)
2024-11-05 03:35:26,172 - INFO - Collection 'Best UK TV Shows' unpinned successfully.
2024-11-05 03:35:26,210 - INFO - Collection 'Best US TV Shows' unpinned successfully.
2024-11-05 03:35:26,210 - INFO - Skipping unpinning for collection: Highest Rated Streaming Titles (in exclusion list)
2024-11-05 03:35:26,235 - INFO - Collection 'Jeremy Clarkson, Richard Hammond and James May Shows' unpinned successfully.
2024-11-05 03:35:26,263 - INFO - Collection 'Murder Documentary Shows' unpinned successfully.
2024-11-05 03:35:26,304 - INFO - Collection 'Netflix Documentaries' unpinned successfully.
2024-11-05 03:35:26,304 - INFO - Skipping unpinning for collection: Top 20 TV Shows This Week (in exclusion list)
2024-11-05 03:35:26,304 - INFO - Skipping unpinning for collection: Trending Reality (in exclusion list)
2024-11-05 03:35:26,328 - INFO - Collection 'True Crime Documentary Series' unpinned successfully.
2024-11-05 03:35:26,328 - INFO - Skipping unpinning for collection: TV Shows Available in 4K/UHD (in exclusion list)
2024-11-05 03:35:26,328 - INFO - Collection '['Halloween Movies', 'Horror Movies', 'Halloween Collection']' is NOT active (standard case).
2024-11-05 03:35:26,328 - INFO - Collection '['LGBTQ+ Pride Month Movies']' is NOT active (standard case).
2024-11-05 03:35:26,328 - INFO - Collection '['Easter Movies']' is NOT active (standard case).
2024-11-05 03:35:26,328 - INFO - Collection '["New Year's Eve Movies"]' is NOT active (cross-year case).
2024-11-05 03:35:26,329 - INFO - Collection '["Valentine's Day", 'Chick Flicks', 'Rotten Tomatoes Best Rom Com']' is NOT active (standard case).
2024-11-05 03:35:26,329 - INFO - Collection '['Memorial Day']' is active for pinning.
2024-11-05 03:35:26,329 - INFO - Collection '['Thanksgiving Movies']' is NOT active (standard case).
2024-11-05 03:35:26,329 - INFO - Collection '['Tis The Season To Be Jolly', 'Top Christmas Movies Of All Time']' is NOT active (standard case).
2024-11-05 03:35:26,329 - INFO - Final active special collections: ['Memorial Day']
2024-11-05 03:35:26,354 - INFO - Added random collection 'Murder Documentary Shows' to pinning list
2024-11-05 03:35:26,354 - INFO - Attempting to pin collection: Murder Documentary Shows
2024-11-05 03:35:26,401 - INFO - INFO - Collection '**Murder Documentary Shows**' pinned successfully.
2024-11-05 03:35:26,639 - INFO - Message sent to Discord: INFO - Collection '**Murder Documentary Shows**' pinned successfully.
2024-11-05 03:35:26,640 - INFO - Processing library: Movies - Kids with 0 collections to pin.
2024-11-05 03:35:26,640 - INFO - Unpinning currently pinned collections...
2024-11-05 03:35:26,660 - INFO - Skipping unpinning for collection: Trending Kids (in exclusion list)
2024-11-05 03:35:26,682 - INFO - Collection 'Walt Disney Animation Studios' unpinned successfully.
2024-11-05 03:35:26,716 - INFO - Collection 'Pixar Animation Studios' unpinned successfully.
2024-11-05 03:35:26,737 - INFO - Collection 'Blue Sky Studios Animation' unpinned successfully.
2024-11-05 03:35:26,757 - INFO - Collection '🌙 Dreamworks Collection' unpinned successfully.
2024-11-05 03:35:26,785 - INFO - Collection 'Barbie Animated Collection' unpinned successfully.
2024-11-05 03:35:26,804 - INFO - Collection 'Curious George Collection' unpinned successfully.
2024-11-05 03:35:26,867 - INFO - Collection '🦖 The Land Before Time Collection ' unpinned successfully.
2024-11-05 03:35:26,916 - INFO - Collection 'Walt Disney Animated Feature Films' unpinned successfully.
2024-11-05 03:35:26,916 - INFO - Skipping unpinning for collection: Movies Available in 4K/UHD (in exclusion list)
2024-11-05 03:35:26,962 - INFO - Collection 'Scooby Doo Collection' unpinned successfully.
2024-11-05 03:35:26,964 - INFO - Collection '['Halloween Movies', 'Horror Movies', 'Halloween Collection']' is NOT active (standard case).
2024-11-05 03:35:26,964 - INFO - Collection '['LGBTQ+ Pride Month Movies']' is NOT active (standard case).
2024-11-05 03:35:26,964 - INFO - Collection '['Easter Movies']' is NOT active (standard case).
2024-11-05 03:35:26,965 - INFO - Collection '["New Year's Eve Movies"]' is NOT active (cross-year case).
2024-11-05 03:35:26,965 - INFO - Collection '["Valentine's Day", 'Chick Flicks', 'Rotten Tomatoes Best Rom Com']' is NOT active (standard case).
2024-11-05 03:35:26,965 - INFO - Collection '['Memorial Day']' is active for pinning.
2024-11-05 03:35:26,966 - INFO - Collection '['Thanksgiving Movies']' is NOT active (standard case).
2024-11-05 03:35:26,966 - INFO - Collection '['Tis The Season To Be Jolly', 'Top Christmas Movies Of All Time']' is NOT active (standard case).
2024-11-05 03:35:26,966 - INFO - Final active special collections: ['Memorial Day']
2024-11-05 03:35:26,997 - INFO - No collections available to pin for library: Movies - Kids.
2024-11-05 03:35:26,998 - INFO - Processing library: TV Shows - Kids with 1 collections to pin.
2024-11-05 03:35:26,998 - INFO - Unpinning currently pinned collections...
2024-11-05 03:35:27,078 - INFO - Collection 'Cartoon Network' unpinned successfully.
2024-11-05 03:35:27,125 - INFO - Collection 'Disney Channel' unpinned successfully.
2024-11-05 03:35:27,174 - INFO - Collection 'Kids Shows on Amazon Prime' unpinned successfully.
2024-11-05 03:35:27,221 - INFO - Collection 'Kids Shows on Apple TV+' unpinned successfully.
2024-11-05 03:35:27,268 - INFO - Collection 'Kids Shows on Channel 5' unpinned successfully.
2024-11-05 03:35:27,311 - INFO - Collection 'Kids Shows on Disney+' unpinned successfully.
2024-11-05 03:35:27,330 - INFO - Collection 'Kids Shows on ITVX' unpinned successfully.
2024-11-05 03:35:27,349 - INFO - Collection 'Kids Shows on Netflix' unpinned successfully.
2024-11-05 03:35:27,380 - INFO - Collection 'Kids Shows on Paramount+' unpinned successfully.
2024-11-05 03:35:27,401 - INFO - Collection 'Kids Shows on the BBC' unpinned successfully.
2024-11-05 03:35:27,421 - INFO - Collection 'Nickelodeon' unpinned successfully.
2024-11-05 03:35:27,422 - INFO - Skipping unpinning for collection: Trending Kids (in exclusion list)
2024-11-05 03:35:27,422 - INFO - Collection '['Halloween Movies', 'Horror Movies', 'Halloween Collection']' is NOT active (standard case).
2024-11-05 03:35:27,422 - INFO - Collection '['LGBTQ+ Pride Month Movies']' is NOT active (standard case).
2024-11-05 03:35:27,422 - INFO - Collection '['Easter Movies']' is NOT active (standard case).
2024-11-05 03:35:27,422 - INFO - Collection '["New Year's Eve Movies"]' is NOT active (cross-year case).
2024-11-05 03:35:27,422 - INFO - Collection '["Valentine's Day", 'Chick Flicks', 'Rotten Tomatoes Best Rom Com']' is NOT active (standard case).
2024-11-05 03:35:27,423 - INFO - Collection '['Memorial Day']' is active for pinning.
2024-11-05 03:35:27,423 - INFO - Collection '['Thanksgiving Movies']' is NOT active (standard case).
2024-11-05 03:35:27,423 - INFO - Collection '['Tis The Season To Be Jolly', 'Top Christmas Movies Of All Time']' is NOT active (standard case).
2024-11-05 03:35:27,423 - INFO - Final active special collections: ['Memorial Day']
2024-11-05 03:35:27,436 - INFO - Added random collection 'Kids Shows on Apple TV+' to pinning list
2024-11-05 03:35:27,436 - INFO - Attempting to pin collection: Kids Shows on Apple TV+
2024-11-05 03:35:27,457 - INFO - INFO - Collection '**Kids Shows on Apple TV+**' pinned successfully.
2024-11-05 03:35:27,740 - INFO - Message sent to Discord: INFO - Collection '**Kids Shows on Apple TV+**' pinned successfully.
2024-11-05 03:35:27,741 - INFO - Processing library: Movies - Misc with 1 collections to pin.
2024-11-05 03:35:27,741 - INFO - Unpinning currently pinned collections...
2024-11-05 03:35:27,773 - INFO - Collection 'Oscar Winners: Best Documentary Feature' unpinned successfully.
2024-11-05 03:35:27,802 - INFO - Collection 'Best Rotten Tomatoe Documentaries' unpinned successfully.
2024-11-05 03:35:27,822 - INFO - Collection 'Biography Documentaries' unpinned successfully.
2024-11-05 03:35:27,822 - INFO - Skipping unpinning for collection: Music Documentaries (in exclusion list)
2024-11-05 03:35:27,840 - INFO - Collection 'Nature Documentaries' unpinned successfully.
2024-11-05 03:35:27,859 - INFO - Collection 'Top Documentaries of 2022' unpinned successfully.
2024-11-05 03:35:27,859 - INFO - Skipping unpinning for collection: Trending Documentaries (in exclusion list)
2024-11-05 03:35:27,879 - INFO - Collection 'Untold Documentaries' unpinned successfully.
2024-11-05 03:35:27,879 - INFO - Skipping unpinning for collection: WWE Events (in exclusion list)
2024-11-05 03:35:27,879 - INFO - Collection '['Halloween Movies', 'Horror Movies', 'Halloween Collection']' is NOT active (standard case).
2024-11-05 03:35:27,879 - INFO - Collection '['LGBTQ+ Pride Month Movies']' is NOT active (standard case).
2024-11-05 03:35:27,879 - INFO - Collection '['Easter Movies']' is NOT active (standard case).
2024-11-05 03:35:27,879 - INFO - Collection '["New Year's Eve Movies"]' is NOT active (cross-year case).
2024-11-05 03:35:27,880 - INFO - Collection '["Valentine's Day", 'Chick Flicks', 'Rotten Tomatoes Best Rom Com']' is NOT active (standard case).
2024-11-05 03:35:27,880 - INFO - Collection '['Memorial Day']' is active for pinning.
2024-11-05 03:35:27,880 - INFO - Collection '['Thanksgiving Movies']' is NOT active (standard case).
2024-11-05 03:35:27,880 - INFO - Collection '['Tis The Season To Be Jolly', 'Top Christmas Movies Of All Time']' is NOT active (standard case).
2024-11-05 03:35:27,880 - INFO - Final active special collections: ['Memorial Day']
2024-11-05 03:35:27,890 - INFO - Added random collection 'Biography Documentaries' to pinning list
2024-11-05 03:35:27,890 - INFO - Attempting to pin collection: Biography Documentaries
2024-11-05 03:35:27,912 - INFO - INFO - Collection '**Biography Documentaries**' pinned successfully.
2024-11-05 03:35:28,172 - INFO - Message sent to Discord: INFO - Collection '**Biography Documentaries**' pinned successfully.
2024-11-05 03:35:28,173 - INFO - Processing library: TV Shows - Sports with 1 collections to pin.
2024-11-05 03:35:28,174 - INFO - Unpinning currently pinned collections...
2024-11-05 03:35:28,207 - INFO - Collection 'Sky Sports Shows' unpinned successfully.
2024-11-05 03:35:28,228 - INFO - Collection '2023 Sporting Documentaries' unpinned successfully.
2024-11-05 03:35:28,247 - INFO - Collection '2024 Sporting Documentaries' unpinned successfully.
2024-11-05 03:35:28,247 - INFO - Skipping unpinning for collection: ALOTO (in exclusion list)
2024-11-05 03:35:28,267 - INFO - Collection 'Amazon Prime Sporting Documentaries' unpinned successfully.
2024-11-05 03:35:28,286 - INFO - Collection 'British Sporting Shows' unpinned successfully.
2024-11-05 03:35:28,306 - INFO - Collection 'ESPN Sports Documentaries' unpinned successfully.
2024-11-05 03:35:28,351 - INFO - Collection 'Netflix Sports Documentaries' unpinned successfully.
2024-11-05 03:35:28,398 - INFO - Collection 'Sporting Streaming Titles' unpinned successfully.
2024-11-05 03:35:28,398 - INFO - Skipping unpinning for collection: TV Shows Available in 4K/UHD (in exclusion list)
2024-11-05 03:35:28,444 - INFO - Collection 'Wrestling Themed Shows' unpinned successfully.
2024-11-05 03:35:28,445 - INFO - Collection '['Halloween Movies', 'Horror Movies', 'Halloween Collection']' is NOT active (standard case).
2024-11-05 03:35:28,445 - INFO - Collection '['LGBTQ+ Pride Month Movies']' is NOT active (standard case).
2024-11-05 03:35:28,446 - INFO - Collection '['Easter Movies']' is NOT active (standard case).
2024-11-05 03:35:28,446 - INFO - Collection '["New Year's Eve Movies"]' is NOT active (cross-year case).
2024-11-05 03:35:28,446 - INFO - Collection '["Valentine's Day", 'Chick Flicks', 'Rotten Tomatoes Best Rom Com']' is NOT active (standard case).
2024-11-05 03:35:28,446 - INFO - Collection '['Memorial Day']' is active for pinning.
2024-11-05 03:35:28,447 - INFO - Collection '['Thanksgiving Movies']' is NOT active (standard case).
2024-11-05 03:35:28,447 - INFO - Collection '['Tis The Season To Be Jolly', 'Top Christmas Movies Of All Time']' is NOT active (standard case).
2024-11-05 03:35:28,447 - INFO - Final active special collections: ['Memorial Day']
2024-11-05 03:35:28,472 - INFO - Added random collection 'Sporting Streaming Titles' to pinning list
2024-11-05 03:35:28,472 - INFO - Attempting to pin collection: Sporting Streaming Titles
2024-11-05 03:35:28,519 - INFO - INFO - Collection '**Sporting Streaming Titles**' pinned successfully.
2024-11-05 03:35:28,744 - INFO - Message sent to Discord: INFO - Collection '**Sporting Streaming Titles**' pinned successfully.
2024-11-05 03:35:28,745 - INFO - Scheduler set to change pinned collections every 60 minutes.
