2024-11-05 04:56:02,265 CRIT Supervisor is running as root.  Privileges were not dropped because no user is specified in the config file.  If you intend to run as root, you can set user=root in the config file to avoid this message.
2024-11-05 04:56:02,271 INFO supervisord started with pid 1
2024-11-05 04:56:03,275 INFO spawned: 'collexions' with pid 7
2024-11-05 04:56:03,277 INFO spawned: 'flask' with pid 8
2024-11-05 04:56:03,299 WARN exited: collexions (exit status 2; not expected)
2024-11-05 04:56:04,963 INFO spawned: 'collexions' with pid 9
2024-11-05 04:56:04,964 INFO success: flask entered RUNNING state, process has stayed up for > than 1 seconds (startsecs)
2024-11-05 04:56:05,009 WARN exited: collexions (exit status 2; not expected)
2024-11-05 04:56:07,017 INFO spawned: 'collexions' with pid 10
2024-11-05 04:56:07,068 WARN exited: collexions (exit status 2; not expected)
2024-11-05 04:56:10,076 INFO spawned: 'collexions' with pid 11
2024-11-05 04:56:10,096 WARN exited: collexions (exit status 2; not expected)
2024-11-05 04:56:11,098 INFO gave up: collexions entered FATAL state, too many start retries too quickly
2024-11-05 05:00:08,506 CRIT Supervisor is running as root.  Privileges were not dropped because no user is specified in the config file.  If you intend to run as root, you can set user=root in the config file to avoid this message.
2024-11-05 05:00:08,511 INFO supervisord started with pid 1
2024-11-05 05:00:09,514 INFO spawned: 'collexions' with pid 7
2024-11-05 05:00:09,516 INFO spawned: 'flask' with pid 8
2024-11-05 05:00:09,829 WARN exited: collexions (exit status 1; not expected)
2024-11-05 05:00:10,833 INFO spawned: 'collexions' with pid 10
2024-11-05 05:00:10,835 INFO success: flask entered RUNNING state, process has stayed up for > than 1 seconds (startsecs)
2024-11-05 05:00:11,181 WARN exited: collexions (exit status 1; not expected)
2024-11-05 05:00:13,185 INFO spawned: 'collexions' with pid 12
2024-11-05 05:00:13,706 WARN exited: collexions (exit status 1; not expected)
2024-11-05 05:00:16,712 INFO spawned: 'collexions' with pid 14
2024-11-05 05:00:17,260 WARN exited: collexions (exit status 1; not expected)
2024-11-05 05:00:18,261 INFO gave up: collexions entered FATAL state, too many start retries too quickly
2024-11-05 05:02:23,257 CRIT Supervisor is running as root.  Privileges were not dropped because no user is specified in the config file.  If you intend to run as root, you can set user=root in the config file to avoid this message.
2024-11-05 05:02:23,259 INFO supervisord started with pid 1
2024-11-05 05:02:24,264 INFO spawned: 'collexions' with pid 7
2024-11-05 05:02:24,267 INFO spawned: 'flask' with pid 8
2024-11-05 05:02:25,293 INFO success: collexions entered RUNNING state, process has stayed up for > than 1 seconds (startsecs)
2024-11-05 05:02:25,293 INFO success: flask entered RUNNING state, process has stayed up for > than 1 seconds (startsecs)
2024-11-05 05:04:26,811 WARN received SIGTERM indicating exit request
2024-11-05 05:04:26,811 INFO waiting for collexions, flask to die
2024-11-05 05:04:26,818 WARN stopped: flask (terminated by SIGTERM)
2024-11-05 05:04:26,826 WARN stopped: collexions (terminated by SIGTERM)
2024-11-05 05:04:27,681 CRIT Supervisor is running as root.  Privileges were not dropped because no user is specified in the config file.  If you intend to run as root, you can set user=root in the config file to avoid this message.
2024-11-05 05:04:27,685 INFO supervisord started with pid 1
2024-11-05 05:04:28,688 INFO spawned: 'collexions' with pid 7
2024-11-05 05:04:28,690 INFO spawned: 'flask' with pid 8
2024-11-05 05:04:29,696 INFO success: collexions entered RUNNING state, process has stayed up for > than 1 seconds (startsecs)
2024-11-05 05:04:29,696 INFO success: flask entered RUNNING state, process has stayed up for > than 1 seconds (startsecs)
2024-11-05 05:23:21,114 CRIT Supervisor is running as root.  Privileges were not dropped because no user is specified in the config file.  If you intend to run as root, you can set user=root in the config file to avoid this message.
2024-11-05 05:23:21,120 INFO supervisord started with pid 1
2024-11-05 05:23:22,124 INFO spawned: 'collexions' with pid 7
2024-11-05 05:23:22,126 INFO spawned: 'flask' with pid 8
2024-11-05 05:23:23,273 INFO success: collexions entered RUNNING state, process has stayed up for > than 1 seconds (startsecs)
2024-11-05 05:23:23,273 INFO success: flask entered RUNNING state, process has stayed up for > than 1 seconds (startsecs)
2024-11-05 05:33:30,418 CRIT Supervisor is running as root.  Privileges were not dropped because no user is specified in the config file.  If you intend to run as root, you can set user=root in the config file to avoid this message.
2024-11-05 05:33:30,422 INFO supervisord started with pid 1
2024-11-05 05:33:31,427 INFO spawned: 'collexions' with pid 7
2024-11-05 05:33:31,432 INFO spawned: 'flask' with pid 8
2024-11-05 05:33:32,429 INFO success: collexions entered RUNNING state, process has stayed up for > than 1 seconds (startsecs)
2024-11-05 05:33:32,429 INFO success: flask entered RUNNING state, process has stayed up for > than 1 seconds (startsecs)
2024-11-05 05:38:37,710 CRIT Supervisor is running as root.  Privileges were not dropped because no user is specified in the config file.  If you intend to run as root, you can set user=root in the config file to avoid this message.
2024-11-05 05:38:37,712 INFO supervisord started with pid 1
2024-11-05 05:38:38,717 INFO spawned: 'collexions' with pid 7
2024-11-05 05:38:38,722 INFO spawned: 'flask' with pid 8
2024-11-05 05:38:39,738 INFO success: collexions entered RUNNING state, process has stayed up for > than 1 seconds (startsecs)
2024-11-05 05:38:39,738 INFO success: flask entered RUNNING state, process has stayed up for > than 1 seconds (startsecs)
2024-11-05 05:42:15,526 CRIT Supervisor is running as root.  Privileges were not dropped because no user is specified in the config file.  If you intend to run as root, you can set user=root in the config file to avoid this message.
2024-11-05 05:42:15,528 INFO supervisord started with pid 1
2024-11-05 05:42:16,534 INFO spawned: 'collexions' with pid 7
2024-11-05 05:42:16,540 INFO spawned: 'flask' with pid 8
2024-11-05 05:42:17,583 INFO success: collexions entered RUNNING state, process has stayed up for > than 1 seconds (startsecs)
2024-11-05 05:42:17,583 INFO success: flask entered RUNNING state, process has stayed up for > than 1 seconds (startsecs)
2024-11-05 05:49:18,794 CRIT Supervisor is running as root.  Privileges were not dropped because no user is specified in the config file.  If you intend to run as root, you can set user=root in the config file to avoid this message.
2024-11-05 05:49:18,796 INFO supervisord started with pid 1
2024-11-05 05:49:19,799 INFO spawned: 'collexions' with pid 7
2024-11-05 05:49:19,801 INFO spawned: 'flask' with pid 8
2024-11-05 05:49:20,107 WARN exited: flask (exit status 0; not expected)
2024-11-05 05:49:20,806 INFO success: collexions entered RUNNING state, process has stayed up for > than 1 seconds (startsecs)
2024-11-05 05:49:21,124 INFO spawned: 'flask' with pid 10
2024-11-05 05:49:21,400 WARN exited: flask (exit status 0; not expected)
2024-11-05 05:49:23,608 INFO spawned: 'flask' with pid 11
2024-11-05 05:49:24,262 WARN exited: flask (exit status 0; not expected)
2024-11-05 05:49:27,547 INFO spawned: 'flask' with pid 12
2024-11-05 05:49:27,803 WARN exited: flask (exit status 0; not expected)
2024-11-05 05:49:28,804 INFO gave up: flask entered FATAL state, too many start retries too quickly
2024-11-05 05:52:09,202 CRIT Supervisor is running as root.  Privileges were not dropped because no user is specified in the config file.  If you intend to run as root, you can set user=root in the config file to avoid this message.
2024-11-05 05:52:09,205 INFO supervisord started with pid 1
2024-11-05 05:52:10,210 INFO spawned: 'collexions' with pid 7
2024-11-05 05:52:10,215 INFO spawned: 'flask' with pid 8
2024-11-05 05:52:11,318 INFO success: collexions entered RUNNING state, process has stayed up for > than 1 seconds (startsecs)
2024-11-05 05:52:11,318 INFO success: flask entered RUNNING state, process has stayed up for > than 1 seconds (startsecs)
2024-11-05 15:41:14,283 CRIT Supervisor is running as root.  Privileges were not dropped because no user is specified in the config file.  If you intend to run as root, you can set user=root in the config file to avoid this message.
2024-11-05 15:41:14,290 INFO supervisord started with pid 1
2024-11-05 15:41:15,293 INFO spawned: 'collexions' with pid 7
2024-11-05 15:41:15,295 INFO spawned: 'flask' with pid 8
2024-11-05 15:41:16,554 INFO success: collexions entered RUNNING state, process has stayed up for > than 1 seconds (startsecs)
2024-11-05 15:41:16,554 INFO success: flask entered RUNNING state, process has stayed up for > than 1 seconds (startsecs)
2024-11-05 15:48:21,455 CRIT Supervisor is running as root.  Privileges were not dropped because no user is specified in the config file.  If you intend to run as root, you can set user=root in the config file to avoid this message.
2024-11-05 15:48:21,457 INFO supervisord started with pid 1
2024-11-05 15:48:22,460 INFO spawned: 'collexions' with pid 7
2024-11-05 15:48:22,463 INFO spawned: 'flask' with pid 8
2024-11-05 15:48:23,463 INFO success: collexions entered RUNNING state, process has stayed up for > than 1 seconds (startsecs)
2024-11-05 15:48:23,463 INFO success: flask entered RUNNING state, process has stayed up for > than 1 seconds (startsecs)
2024-11-05 15:53:39,943 CRIT Supervisor is running as root.  Privileges were not dropped because no user is specified in the config file.  If you intend to run as root, you can set user=root in the config file to avoid this message.
2024-11-05 15:53:39,945 INFO supervisord started with pid 1
2024-11-05 15:53:40,948 INFO spawned: 'collexions' with pid 7
2024-11-05 15:53:40,951 INFO spawned: 'flask' with pid 8
2024-11-05 15:53:42,016 INFO success: collexions entered RUNNING state, process has stayed up for > than 1 seconds (startsecs)
2024-11-05 15:53:42,016 INFO success: flask entered RUNNING state, process has stayed up for > than 1 seconds (startsecs)
2024-11-05 15:55:59,168 WARN received SIGTERM indicating exit request
2024-11-05 15:55:59,169 INFO waiting for collexions, flask to die
2024-11-05 15:55:59,176 WARN stopped: flask (terminated by SIGTERM)
2024-11-05 15:55:59,185 WARN stopped: collexions (terminated by SIGTERM)
2024-11-05 15:56:33,767 CRIT Supervisor is running as root.  Privileges were not dropped because no user is specified in the config file.  If you intend to run as root, you can set user=root in the config file to avoid this message.
2024-11-05 15:56:33,770 INFO supervisord started with pid 1
2024-11-05 15:56:34,774 INFO spawned: 'collexions' with pid 7
2024-11-05 15:56:34,779 INFO spawned: 'flask' with pid 8
2024-11-05 15:56:35,923 INFO success: collexions entered RUNNING state, process has stayed up for > than 1 seconds (startsecs)
2024-11-05 15:56:35,923 INFO success: flask entered RUNNING state, process has stayed up for > than 1 seconds (startsecs)
2024-11-05 15:58:54,454 WARN received SIGTERM indicating exit request
2024-11-05 15:58:54,454 INFO waiting for collexions, flask to die
2024-11-05 15:58:54,457 WARN stopped: flask (terminated by SIGTERM)
2024-11-05 15:58:54,461 WARN stopped: collexions (terminated by SIGTERM)
2024-11-05 15:59:39,701 CRIT Supervisor is running as root.  Privileges were not dropped because no user is specified in the config file.  If you intend to run as root, you can set user=root in the config file to avoid this message.
2024-11-05 15:59:39,704 INFO supervisord started with pid 1
2024-11-05 15:59:40,707 INFO spawned: 'collexions' with pid 8
2024-11-05 15:59:40,709 INFO spawned: 'flask' with pid 9
2024-11-05 15:59:41,716 INFO success: collexions entered RUNNING state, process has stayed up for > than 1 seconds (startsecs)
2024-11-05 15:59:41,716 INFO success: flask entered RUNNING state, process has stayed up for > than 1 seconds (startsecs)
2024-11-05 16:02:14,602 WARN received SIGTERM indicating exit request
2024-11-05 16:02:14,603 INFO waiting for collexions, flask to die
2024-11-05 16:02:14,607 WARN stopped: flask (terminated by SIGTERM)
2024-11-05 16:02:14,618 WARN stopped: collexions (terminated by SIGTERM)
2024-11-05 16:03:02,154 CRIT Supervisor is running as root.  Privileges were not dropped because no user is specified in the config file.  If you intend to run as root, you can set user=root in the config file to avoid this message.
2024-11-05 16:03:02,156 INFO supervisord started with pid 1
2024-11-05 16:03:03,159 INFO spawned: 'collexions' with pid 8
2024-11-05 16:03:03,162 INFO spawned: 'flask' with pid 9
2024-11-05 16:03:04,209 INFO success: collexions entered RUNNING state, process has stayed up for > than 1 seconds (startsecs)
2024-11-05 16:03:04,209 INFO success: flask entered RUNNING state, process has stayed up for > than 1 seconds (startsecs)
2024-11-05 16:07:58,824 CRIT Supervisor is running as root.  Privileges were not dropped because no user is specified in the config file.  If you intend to run as root, you can set user=root in the config file to avoid this message.
2024-11-05 16:07:58,826 INFO supervisord started with pid 1
2024-11-05 16:07:59,829 INFO spawned: 'collexions' with pid 7
2024-11-05 16:07:59,831 INFO spawned: 'flask' with pid 8
2024-11-05 16:08:00,856 INFO success: collexions entered RUNNING state, process has stayed up for > than 1 seconds (startsecs)
2024-11-05 16:08:00,856 INFO success: flask entered RUNNING state, process has stayed up for > than 1 seconds (startsecs)
2024-11-05 16:12:30,146 CRIT Supervisor is running as root.  Privileges were not dropped because no user is specified in the config file.  If you intend to run as root, you can set user=root in the config file to avoid this message.
2024-11-05 16:12:30,152 INFO supervisord started with pid 1
2024-11-05 16:12:31,155 INFO spawned: 'collexions' with pid 7
2024-11-05 16:12:31,158 INFO spawned: 'flask' with pid 8
2024-11-05 16:12:32,159 INFO success: collexions entered RUNNING state, process has stayed up for > than 1 seconds (startsecs)
2024-11-05 16:12:32,159 INFO success: flask entered RUNNING state, process has stayed up for > than 1 seconds (startsecs)
2024-11-05 16:14:12,146 WARN exited: flask (exit status 1; not expected)
2024-11-05 16:14:13,148 INFO spawned: 'flask' with pid 26
2024-11-05 16:14:13,171 WARN exited: flask (exit status 1; not expected)
2024-11-05 16:14:14,176 INFO spawned: 'flask' with pid 27
2024-11-05 16:14:14,230 WARN exited: flask (exit status 1; not expected)
2024-11-05 16:14:16,235 INFO spawned: 'flask' with pid 28
2024-11-05 16:14:16,256 WARN exited: flask (exit status 1; not expected)
2024-11-05 16:14:19,262 INFO spawned: 'flask' with pid 29
2024-11-05 16:14:19,332 WARN exited: flask (exit status 1; not expected)
2024-11-05 16:14:20,334 INFO gave up: flask entered FATAL state, too many start retries too quickly
